<?xml version="1.0" encoding="UTF-8"?>
<!-- Generated by org.testng.reporters.JUnitReportReporter -->
<testsuite skipped="0" hostname="DESKTOP-GM34SEO" name="jenkinstraining.UITest" tests="1" failures="0" timestamp="2021-09-01T16:48:55 IST" time="30.202" errors="0">
  <testcase name="firstTest" time="30.202" classname="jenkinstraining.UITest"/>
  <system-out/>
</testsuite> <!-- jenkinstraining.UITest -->
